Change Component Comment : Designator=R29 Old Comment=12K New Comment=
Change Component Comment : Designator=R18 Old Comment=15K 0603 New Comment=
Change Component Comment : Designator=R20 Old Comment=15K 0603 New Comment=
Change Component Comment : Designator=R21 Old Comment=15K 0603 New Comment=
Change Component Comment : Designator=R27 Old Comment=47K New Comment=
Change Component Comment : Designator=C14 Old Comment=100nF New Comment=
Change Component Comment : Designator=C18 Old Comment=100uf 16V New Comment=
Change Component Comment : Designator=U1 Old Comment=ESP32-WROOM-32D(M113DH3200PH3Q0) New Comment=
Change Component Comment : Designator=U4 Old Comment=LM2596S-5.0/NOPB New Comment=
Change Component Comment : Designator=T1 Old Comment=MMBT2222 New Comment=
Change Component Comment : Designator=Q1 Old Comment=MMBT2222ALT1G New Comment=
Change Component Comment : Designator=Q2 Old Comment=MMBT2222ALT1G New Comment=
Change Component Comment : Designator=Q3 Old Comment=MMBT2222ALT1G New Comment=
Change Component Comment : Designator=D5 Old Comment=SMBJ200A New Comment=
Change Component Comment : Designator=D3 Old Comment=SS34-E3/57T New Comment=
Change Component Description : Designator=R25 Old Description=1 MOhm 0603                    https://robu.in/product/1m-ohm-1-4w-0603-surface-mount-chip-resistor-pack-of-100/ New Description=Thick Film Resistor -  10M, 1%, 0603
Change Component Description : Designator=R28 Old Description=1 MOhm 0603                    https://robu.in/product/1m-ohm-1-4w-0603-surface-mount-chip-resistor-pack-of-100/ New Description=Thick Film Resistor -  10M, 1%, 0603
Change Component Description : Designator=T1 Old Description=2N2222  https://www.ktron.in/product/mmbt2222a-transistor-2n2222a-smd-sot-23/ New Description=2TRANS NPN 30V 0.6A SOT23-3
Change Component Description : Designator=T2 Old Description=2N2222  https://www.ktron.in/product/mmbt2222a-transistor-2n2222a-smd-sot-23/ New Description=2TRANS NPN 30V 0.6A SOT23-3
Change Component Description : Designator=R11 Old Description=4K7 0603             https://www.ktron.in/product/resistor-4-7k-ohms-1-1-10w-smd-0603/ New Description=Thick Film Resistor -  4K7, 1%, 0603
Change Component Description : Designator=R13 Old Description=4K7 0603             https://www.ktron.in/product/resistor-4-7k-ohms-1-1-10w-smd-0603/ New Description=Thick Film Resistor -  4K7, 1%, 0603
Change Component Description : Designator=R14 Old Description=4K7 0603             https://www.ktron.in/product/resistor-4-7k-ohms-1-1-10w-smd-0603/ New Description=Thick Film Resistor -  4K7, 1%, 0603
Change Component Description : Designator=R15 Old Description=4K7 0603             https://www.ktron.in/product/resistor-4-7k-ohms-1-1-10w-smd-0603/ New Description=Thick Film Resistor -  4K7, 1%, 0603
Change Component Description : Designator=R5 Old Description=4K7 0603             https://www.ktron.in/product/resistor-4-7k-ohms-1-1-10w-smd-0603/ New Description=Thick Film Resistor -  4K7 ohm, 1%, 0603
Change Component Description : Designator=R10 Old Description=4K7 0603             https://www.ktron.in/product/resistor-4-7k-ohms-1-1-10w-smd-0603/ New Description=Thick Film Resistor -  4K7 ohm, 1%, 0603
Change Component Description : Designator=R19 Old Description=4K7 0603             https://www.ktron.in/product/resistor-4-7k-ohms-1-1-10w-smd-0603/ New Description=Thick Film Resistor -  4K7ohm, 1%, 0603
Change Component Description : Designator=R22 Old Description=4K7 0603             https://www.ktron.in/product/resistor-4-7k-ohms-1-1-10w-smd-0603/ New Description=Thick Film Resistor -  4K7ohm, 1%, 0603
Change Component Description : Designator=R26 Old Description=4K7 0603             https://www.ktron.in/product/resistor-4-7k-ohms-1-1-10w-smd-0603/ New Description=Thick Film Resistor -  4K7 ohm, 1%, 0603
Change Component Description : Designator=R29 Old Description=12K 0603                          https://www.sunrom.com/p/12k-1-0603 New Description=Thick Film Resistor -  12K ohm, 1%, 0603
Change Component Description : Designator=R30 Old Description=12K 0603                          https://www.sunrom.com/p/12k-1-0603 New Description=Thick Film Resistor -  12K ohm, 1%, 0603
Change Component Description : Designator=R4 Old Description=15K 1% 0603            https://www.sunrom.com/m/4663 New Description=Thick Film Resistor -  15Kohm, 1%, 0603
Change Component Description : Designator=R6 Old Description=15K 1% 0603            https://www.sunrom.com/m/4663 New Description=Thick Film Resistor -  15Kohm, 1%, 0603
Change Component Description : Designator=R8 Old Description=15K 1% 0603            https://www.sunrom.com/m/4663 New Description=Thick Film Resistor -  15Kohm, 1%, 0603
Change Component Description : Designator=R18 Old Description=15K 1% 0603            https://www.sunrom.com/m/4663 New Description=Thick Film Resistor -  15Kohm, 1%, 0603
Change Component Description : Designator=R20 Old Description=15K 1% 0603            https://www.sunrom.com/m/4663 New Description=Thick Film Resistor -  15Kohm, 1%, 0603
Change Component Description : Designator=R21 Old Description=15K 1% 0603            https://www.sunrom.com/m/4663 New Description=Thick Film Resistor -  15Kohm, 1%, 0603
Change Component Description : Designator=R27 Old Description=47K 0603              https://www.ktron.in/product/resistor-47k-ohms-1-10w-1-smd-0603/ New Description=Thick Film Resistor -  4K7 ohm, 1%, 0603
Change Component Description : Designator=L6 Old Description=68uH Inductor 12x12 adj to 10x10                              https://robu.in/product/cdrh104r-68%ce%bch-power-inductor-pack-of-5/ New Description=68uH
Change Component Description : Designator=C18 Old Description=100uF 16V (107C B3528) Tantalum                          https://www.sunrom.com/p/100uf-16v-107c-b3528-tantalum New Description=100uF 16V (107C B3528) Tantalum
Change Component Description : Designator=C1 Old Description=Capacitance: 4.7uF
Voltage: 50V
Mounting: SMD
Tolerance: ±10 %
Material: Ceramic                https://robu.in/product/4-7uf-4700nf-50v-capacitor-0603-smd-package-pack-of-10/ New Description=CAP CER 4.7uF 50V X7R 0603
Change Component Description : Designator=C2 Old Description=Capacitance: 4.7uF
Voltage: 50V
Mounting: SMD
Tolerance: ±10 %
Material: Ceramic                https://robu.in/product/4-7uf-4700nf-50v-capacitor-0603-smd-package-pack-of-10/ New Description=CAP CER 4.7uF 50V X7R 0603
Change Component Description : Designator=C6 Old Description=Capacitance: 4.7uF
Voltage: 50V
Mounting: SMD
Tolerance: ±10 %
Material: Ceramic                https://robu.in/product/4-7uf-4700nf-50v-capacitor-0603-smd-package-pack-of-10/ New Description=CAP CER 4.7uF 50V X7R 0603
Change Component Description : Designator=C7 Old Description=Capacitance: 4.7uF
Voltage: 50V
Mounting: SMD
Tolerance: ±10 %
Material: Ceramic                https://robu.in/product/4-7uf-4700nf-50v-capacitor-0603-smd-package-pack-of-10/ New Description=CAP CER 4.7uF 50V X7R 0603
Change Component Description : Designator=C11 Old Description=Capacitance: 4.7uF
Voltage: 50V
Mounting: SMD
Tolerance: ±10 %
Material: Ceramic                https://robu.in/product/4-7uf-4700nf-50v-capacitor-0603-smd-package-pack-of-10/ New Description=CAP CER 4.7uF 50V X7R 0603
Change Component Description : Designator=C13 Old Description=Capacitance: 4.7uF
Voltage: 50V
Mounting: SMD
Tolerance: ±10 %
Material: Ceramic                https://robu.in/product/4-7uf-4700nf-50v-capacitor-0603-smd-package-pack-of-10/ New Description=CAP CER 4.7uF 50V X7R 0603
Change Component Description : Designator=C3 Old Description=CAP CER 1UF 25V  0603     https://www.sunrom.com/p/1uf-105-0603-1608-metric New Description=CAP CER 100nF 25V  0603    
Change Component Description : Designator=C5 Old Description=CAP CER 1UF 25V  0603     https://www.sunrom.com/p/1uf-105-0603-1608-metric New Description=CAP CER 100nF 25V  0603 
Change Component Description : Designator=J2 Old Description=CONN RCPT USB2.0 MINI B SMD R/A                         https://www.sunrom.com/p/usb-mini-b-smd-connector New Description=CONN RCPT USB2.0 MINI B SMD R/A
Change Component Description : Designator=U4 Old Description=Conv DC-DC 4.5V to 40V Inv/Step Down Single-Out 5V 3A 6-Pin(5+Tab) TO-263 Tube            https://www.ktron.in/product/lm2596s-5v-ic/ New Description=Switching Voltage Regulators 150 KHZ 3A STEP-DOWN VLTG REG
Change Component Description : Designator=D3 Old Description=Diode Schottky 40V 3A Surface Mount DO-214AB _SMC_                              https://www.ktron.in/product/ss34-diode-smb/ New Description=Schottky Diodes & Rectifiers 3.0 Amp 40 Volt
Change Component Description : Designator=D2 Old Description=DO214 SMD Version of 1N4007
Forward Current: 1A
Max Repititive Reverse Voltage: 1000 V
Max RMS Voltage: 700V
Max DC Blocking Voltage: 1000V
Max instantaneous forward voltage: 1.1 V                    https://www.ktron.in/product/m7-diode-sma/ New Description=DO214 SMD Version of 1N4007
Forward Current: 1A
Max Repititive Reverse Voltage: 1000 V
Max RMS Voltage: 700V
Max DC Blocking Voltage: 1000V
Max instantaneous forward voltage: 1.1 V                    
Change Component Description : Designator=C9 Old Description=Multi Layered Ceramic Capacitor
Max Voltage: 25V
Capacitance: 10uF
Manufacturer : Yageo
MFN : CC0603MRX5R8BB106   https://www.ktron.in/product/10uf-25v-ceramic-capacitor-mlcc-smd-0603/ New Description=CAP CER 10uF 25V  0603    
Change Component Description : Designator=C4 Old Description=Multi Layered Ceramic Capacitor
Max Voltage: 50V
Capacitance: 100nF
https://www.ktron.in/product/100nf-50v-104-mlcc-0603/ New Description=CAP CER 100nF 25V  0603    
Change Component Description : Designator=C8 Old Description=Multi Layered Ceramic Capacitor
Max Voltage: 50V
Capacitance: 100nF
https://www.ktron.in/product/100nf-50v-104-mlcc-0603/ New Description=CAP CER 100nF 25V  0603    
Change Component Description : Designator=C10 Old Description=Multi Layered Ceramic Capacitor
Max Voltage: 50V
Capacitance: 100nF
https://www.ktron.in/product/100nf-50v-104-mlcc-0603/ New Description=CAP CER 100nF 25V  0603    
Change Component Description : Designator=C16 Old Description=Multi Layered Ceramic Capacitor
Max Voltage: 50V
Capacitance: 100nF
https://www.ktron.in/product/100nf-50v-104-mlcc-0603/ New Description=CAP CER 100nF 25V  0603    
Change Component Description : Designator=C17 Old Description=Multi Layered Ceramic Capacitor
Max Voltage: 50V
Capacitance: 100nF
https://www.ktron.in/product/100nf-50v-104-mlcc-0603/ New Description=CAP CER 100nF 25V  0603    
Change Component Description : Designator=C19 Old Description=Multi Layered Ceramic Capacitor
Max Voltage: 50V
Capacitance: 100nF
https://www.ktron.in/product/100nf-50v-104-mlcc-0603/ New Description=CAP CER 100nF 25V  0603  
Change Component Description : Designator=C12 Old Description=Multi Layered Ceramic Capacitor
Max Voltage: 50V
Capacitance: 100nF
https://www.ktron.in/product/100nf-50v-104-mlcc-0603/ New Description=CAP CER 100nF 25V X7R 0603
Change Component Description : Designator=C14 Old Description=Multi Layered Ceramic Capacitor
Max Voltage: 50V
Capacitance: 100nF
https://www.ktron.in/product/100nf-50v-104-mlcc-0603/ New Description=CAP CER 100nF 25V X7R 0603
Change Component Description : Designator=R2 Old Description=SMD 0603 Package
Resistance: 1K Ohms
Tolerance: 1%
Power rating: 1/10W https://www.ktron.in/product/resistor-1k-ohms-1-1-10w-smd-0603/ New Description=Thick Film Resistor -  1K ohm, 1%, 0603
Change Component Description : Designator=R17 Old Description=SMD 0603 Package
Resistance: 1K Ohms
Tolerance: 1%
Power rating: 1/10W https://www.ktron.in/product/resistor-1k-ohms-1-1-10w-smd-0603/ New Description=Thick Film Resistor -  1K ohm, 1%, 0603
Change Component Description : Designator=R23 Old Description=SMD 0603 Package
Resistance: 10K Ohms
Tolerance: 1%  https://www.ktron.in/product/resistor-10k-ohms-1-10w-smd-0603/ New Description=Thick Film Resistor -  10K, 1%, 0603
Change Component Description : Designator=R24 Old Description=SMD 0603 Package
Resistance: 10K Ohms
Tolerance: 1%  https://www.ktron.in/product/resistor-10k-ohms-1-10w-smd-0603/ New Description=Thick Film Resistor -  10K, 1%, 0603
Change Component Description : Designator=R3 Old Description=SMD 0603 Package
Resistance: 10K Ohms
Tolerance: 1%  https://www.ktron.in/product/resistor-10k-ohms-1-10w-smd-0603/ New Description=Thick Film Resistor -  10Kohm, 1%, 0603
Change Component Description : Designator=U2 Old Description=TEXAS INSTRUMENTS         LM1117IMP-3.3/NOPB             Fixed LDO Voltage Regulator, 15V in, 1.2V Dropout, 3.3V/800mA out, SOT-223-3         https://www.ktron.in/product/ams1117-3-3v-smd/ New Description=LDO Voltage Regulators 800MA LDO LINEAR REG
Change Component Description : Designator=Q1 Old Description=TRANS NPN 40V 0.6A SOT23                  https://www.ktron.in/product/mmbt2222a-transistor-2n2222a-smd-sot-23/ New Description=TRANS NPN 40V 0.6A SOT23-3
Change Component Description : Designator=Q2 Old Description=TRANS NPN 40V 0.6A SOT23                  https://www.ktron.in/product/mmbt2222a-transistor-2n2222a-smd-sot-23/ New Description=TRANS NPN 40V 0.6A SOT23-3
Change Component Description : Designator=Q3 Old Description=TRANS NPN 40V 0.6A SOT23                  https://www.ktron.in/product/mmbt2222a-transistor-2n2222a-smd-sot-23/ New Description=TRANS NPN 40V 0.6A SOT23-3
Change Component Description : Designator=Q4 Old Description=TRANS NPN 40V 0.6A SOT23                  https://www.ktron.in/product/mmbt2222a-transistor-2n2222a-smd-sot-23/ New Description=TRANS NPN 40V 0.6A SOT23-3
Change Component Description : Designator=U1 Old Description=WiFi Modules (802.11) SMD Module, ESP32-D0WD, 32Mbits SPI 4MB flash, UART mode, PCB antenna                     https://www.ktron.in/product/esp32-wroom-32d/ New Description=WiFi Modules (802.11) SMD Module, ESP32-D0WD, 32Mbits SPI 4MB flash, UART mode, PCB antenna                     
Change Component Description : Designator=Z1 Old Description=Zener Diode 5.1V
500mW
5% Tolerance
SOD-80-2 Pacakge
SMD Equivalent of BZX55C5V1                    https://www.ktron.in/product/zener-diode-5v1-500mw-sod-80-2/ New Description=Zener Diode 5.1V
500mW
5% Tolerance
SMD Equivalent of BZX55C5V1
Change component parameters: Designator = "C1" ("C1"); Footprint = "CAP-0603"; UniqueID = "\RQWJDYCW" ("\RQWJDYCW")
Change component parameters (AddParameter): Name = "Case/Package"; Value = "0603"; VariantName = "[No Variations]"
Change component parameters (AddParameter): Name = "Dielectric"; Value = "X7R"; VariantName = "[No Variations]"
Change component parameters (AddParameter): Name = "Value"; Value = "4.7uF"; VariantName = "[No Variations]"
Change component parameters (AddParameter): Name = "Voltage"; Value = "50V"; VariantName = "[No Variations]"
Change component parameters: Designator = "C2" ("C2"); Footprint = "CAP-0603"; UniqueID = "\ZAHSBGRD" ("\ZAHSBGRD")
Change component parameters (AddParameter): Name = "Case/Package"; Value = "0603"; VariantName = "[No Variations]"
Change component parameters (AddParameter): Name = "Dielectric"; Value = "X7R"; VariantName = "[No Variations]"
Change component parameters (AddParameter): Name = "Value"; Value = "4.7uF"; VariantName = "[No Variations]"
Change component parameters (AddParameter): Name = "Voltage"; Value = "50V"; VariantName = "[No Variations]"
Change component parameters: Designator = "C3" ("C3"); Footprint = "CAP-0603"; UniqueID = "\VXNUEFKR" ("\VXNUEFKR")
Change component parameters (AddParameter): Name = "Case/Package"; Value = "0603"; VariantName = "[No Variations]"
Change component parameters (AddParameter): Name = "Dielectric"; Value = "X7R"; VariantName = "[No Variations]"
Change component parameters (AddParameter): Name = "Value"; Value = "100nF"; VariantName = "[No Variations]"
Change component parameters (AddParameter): Name = "Voltage"; Value = "25V"; VariantName = "[No Variations]"
Change component parameters: Designator = "C4" ("C4"); Footprint = "CAP-0603"; UniqueID = "\VUBQWDFL" ("\VUBQWDFL")
Change component parameters (AddParameter): Name = "Case/Package"; Value = "0603"; VariantName = "[No Variations]"
Change component parameters (AddParameter): Name = "Dielectric"; Value = "X7R"; VariantName = "[No Variations]"
Change component parameters (AddParameter): Name = "Value"; Value = "100nF"; VariantName = "[No Variations]"
Change component parameters (AddParameter): Name = "Voltage"; Value = "25V"; VariantName = "[No Variations]"
Change component parameters: Designator = "C5" ("C5"); Footprint = "CAP-0603"; UniqueID = "\ZLOAOAQS" ("\ZLOAOAQS")
Change component parameters (AddParameter): Name = "Case/Package"; Value = "0603"; VariantName = "[No Variations]"
Change component parameters (AddParameter): Name = "Dielectric"; Value = "X7R"; VariantName = "[No Variations]"
Change component parameters (AddParameter): Name = "Value"; Value = "100nF"; VariantName = "[No Variations]"
Change component parameters (AddParameter): Name = "Voltage"; Value = "25V"; VariantName = "[No Variations]"
Change component parameters: Designator = "C6" ("C6"); Footprint = "CAP-0603"; UniqueID = "\ANUZJNLB" ("\ANUZJNLB")
Change component parameters (AddParameter): Name = "Case/Package"; Value = "0603"; VariantName = "[No Variations]"
Change component parameters (AddParameter): Name = "Dielectric"; Value = "X7R"; VariantName = "[No Variations]"
Change component parameters (AddParameter): Name = "Value"; Value = "4.7uF"; VariantName = "[No Variations]"
Change component parameters (AddParameter): Name = "Voltage"; Value = "50V"; VariantName = "[No Variations]"
Change component parameters: Designator = "C7" ("C7"); Footprint = "CAP-0603"; UniqueID = "\TFBVFEGV" ("\TFBVFEGV")
Change component parameters (AddParameter): Name = "Case/Package"; Value = "0603"; VariantName = "[No Variations]"
Change component parameters (AddParameter): Name = "Dielectric"; Value = "X7R"; VariantName = "[No Variations]"
Change component parameters (AddParameter): Name = "Value"; Value = "4.7uF"; VariantName = "[No Variations]"
Change component parameters (AddParameter): Name = "Voltage"; Value = "50V"; VariantName = "[No Variations]"
Change component parameters: Designator = "C8" ("C8"); Footprint = "CAP-0603"; UniqueID = "\YRUFUOMS" ("\YRUFUOMS")
Change component parameters (AddParameter): Name = "Case/Package"; Value = "0603"; VariantName = "[No Variations]"
Change component parameters (AddParameter): Name = "Dielectric"; Value = "X7R"; VariantName = "[No Variations]"
Change component parameters (AddParameter): Name = "Value"; Value = "100nF"; VariantName = "[No Variations]"
Change component parameters (AddParameter): Name = "Voltage"; Value = "25V"; VariantName = "[No Variations]"
Change component parameters: Designator = "C9" ("C9"); Footprint = "CAP-0603"; UniqueID = "\EPUBJOBD" ("\EPUBJOBD")
Change component parameters (AddParameter): Name = "Case/Package"; Value = "0603"; VariantName = "[No Variations]"
Change component parameters (AddParameter): Name = "Dielectric"; Value = "X7R"; VariantName = "[No Variations]"
Change component parameters (AddParameter): Name = "Value"; Value = "10uF"; VariantName = "[No Variations]"
Change component parameters (AddParameter): Name = "Voltage"; Value = "25V"; VariantName = "[No Variations]"
Change component parameters: Designator = "C10" ("C10"); Footprint = "CAP-0603"; UniqueID = "\LHGFTPCH" ("\LHGFTPCH")
Change component parameters (AddParameter): Name = "Case/Package"; Value = "0603"; VariantName = "[No Variations]"
Change component parameters (AddParameter): Name = "Dielectric"; Value = "X7R"; VariantName = "[No Variations]"
Change component parameters (AddParameter): Name = "Value"; Value = "100nF"; VariantName = "[No Variations]"
Change component parameters (AddParameter): Name = "Voltage"; Value = "25V"; VariantName = "[No Variations]"
Change component parameters: Designator = "C11" ("C11"); Footprint = "CAP-0603"; UniqueID = "\SPFXDYDM" ("\SPFXDYDM")
Change component parameters (AddParameter): Name = "Case/Package"; Value = "0603"; VariantName = "[No Variations]"
Change component parameters (AddParameter): Name = "Dielectric"; Value = "X7R"; VariantName = "[No Variations]"
Change component parameters (AddParameter): Name = "Value"; Value = "4.7uF"; VariantName = "[No Variations]"
Change component parameters (AddParameter): Name = "Voltage"; Value = "50V"; VariantName = "[No Variations]"
Change component parameters: Designator = "C12" ("C12"); Footprint = "CAP-0603"; UniqueID = "\PLKEBDXG" ("\PLKEBDXG")
Change component parameters (AddParameter): Name = "Case/Package"; Value = "0603"; VariantName = "[No Variations]"
Change component parameters (AddParameter): Name = "Dielectric"; Value = "X7R"; VariantName = "[No Variations]"
Change component parameters (AddParameter): Name = "Value"; Value = "100nF"; VariantName = "[No Variations]"
Change component parameters (AddParameter): Name = "Voltage"; Value = "25V"; VariantName = "[No Variations]"
Change component parameters: Designator = "C13" ("C13"); Footprint = "CAP-0603"; UniqueID = "\MQARTFDA" ("\MQARTFDA")
Change component parameters (AddParameter): Name = "Case/Package"; Value = "0603"; VariantName = "[No Variations]"
Change component parameters (AddParameter): Name = "Dielectric"; Value = "X7R"; VariantName = "[No Variations]"
Change component parameters (AddParameter): Name = "Value"; Value = "4.7uF"; VariantName = "[No Variations]"
Change component parameters (AddParameter): Name = "Voltage"; Value = "50V"; VariantName = "[No Variations]"
Change component parameters: Designator = "C14" ("C14"); Footprint = "CAP-0603"; UniqueID = "\AWYBSIBB" ("\AWYBSIBB")
Change component parameters (AddParameter): Name = "Case/Package"; Value = "0603"; VariantName = "[No Variations]"
Change component parameters (AddParameter): Name = "Dielectric"; Value = "X7R"; VariantName = "[No Variations]"
Change component parameters (AddParameter): Name = "Value"; Value = "100nF"; VariantName = "[No Variations]"
Change component parameters (AddParameter): Name = "Voltage"; Value = "25V"; VariantName = "[No Variations]"
Change component parameters: Designator = "C15" ("C15"); Footprint = "C200uF 10x10.2"; UniqueID = "\NUVBGPWT" ("\NUVBGPWT")
Change component parameters (AddParameter): Name = "Value"; Value = "220uF"; VariantName = "[No Variations]"
Change component parameters (AddParameter): Name = "Voltage"; Value = "50V"; VariantName = "[No Variations]"
Change component parameters: Designator = "C16" ("C16"); Footprint = "CAP-0603"; UniqueID = "\PPKWOCOG" ("\PPKWOCOG")
Change component parameters (AddParameter): Name = "Case/Package"; Value = "0603"; VariantName = "[No Variations]"
Change component parameters (AddParameter): Name = "Dielectric"; Value = "X7R"; VariantName = "[No Variations]"
Change component parameters (AddParameter): Name = "Value"; Value = "100nF"; VariantName = "[No Variations]"
Change component parameters (AddParameter): Name = "Voltage"; Value = "25V"; VariantName = "[No Variations]"
Change component parameters: Designator = "C17" ("C17"); Footprint = "CAP-0603"; UniqueID = "\KJVALYVV" ("\KJVALYVV")
Change component parameters (AddParameter): Name = "Case/Package"; Value = "0603"; VariantName = "[No Variations]"
Change component parameters (AddParameter): Name = "Dielectric"; Value = "X7R"; VariantName = "[No Variations]"
Change component parameters (AddParameter): Name = "Value"; Value = "100nF"; VariantName = "[No Variations]"
Change component parameters (AddParameter): Name = "Voltage"; Value = "25V"; VariantName = "[No Variations]"
Change component parameters: Designator = "C18" ("C18"); Footprint = "C100UF"; UniqueID = "\JRLUONDR" ("\JRLUONDR")
Change component parameters (AddParameter): Name = "Value"; Value = "100uF"; VariantName = "[No Variations]"
Change component parameters (AddParameter): Name = "Voltage"; Value = "16V"; VariantName = "[No Variations]"
Change component parameters: Designator = "C19" ("C19"); Footprint = "CAP-0603"; UniqueID = "\RPYXUFYQ" ("\RPYXUFYQ")
Change component parameters (AddParameter): Name = "Case/Package"; Value = "0603"; VariantName = "[No Variations]"
Change component parameters (AddParameter): Name = "Dielectic"; Value = "X7R"; VariantName = "[No Variations]"
Change component parameters (AddParameter): Name = "Value"; Value = "100nF"; VariantName = "[No Variations]"
Change component parameters (AddParameter): Name = "Voltage"; Value = "25V"; VariantName = "[No Variations]"
Change component parameters: Designator = "D1" ("D1"); Footprint = "DO214"; UniqueID = "\BQAAKMQS" ("\BQAAKMQS")
Change component parameters (AddParameter): Name = "ComponentLink1Description"; Value = "Supplier Link"; VariantName = "[No Variations]"
Change component parameters (AddParameter): Name = "ComponentLink1URL"; Value = "https://www.ktron.in/product/m7-diode-sma/"; VariantName = "[No Variations]"
Change component parameters (AddParameter): Name = "Manufacturer Part Number"; Value = "1N4007"; VariantName = "[No Variations]"
Change component parameters: Designator = "D2" ("D2"); Footprint = "DO214"; UniqueID = "\SQBBSTWY" ("\SQBBSTWY")
Change component parameters (AddParameter): Name = "ComponentLink1Description"; Value = "Supplier Link"; VariantName = "[No Variations]"
Change component parameters (AddParameter): Name = "ComponentLink1URL"; Value = "https://www.ktron.in/product/m7-diode-sma/"; VariantName = "[No Variations]"
Change component parameters (AddParameter): Name = "Maunfacturer Part Number"; Value = "1N4007"; VariantName = "[No Variations]"
Change component parameters: Designator = "D3" ("D3"); Footprint = "DO214"; UniqueID = "\DIIYEXDO" ("\DIIYEXDO")
Change component parameters (AddParameter): Name = "Manufacturer Part Number"; Value = "SS34-E3/57T"; VariantName = "[No Variations]"
Change component parameters: Designator = "D4" ("D4"); Footprint = "DO214"; UniqueID = "\GOEWGLKL" ("\GOEWGLKL")
Change component parameters (AddParameter): Name = "ComponentLink1Description"; Value = "Supplier Link"; VariantName = "[No Variations]"
Change component parameters (AddParameter): Name = "ComponentLink1URL"; Value = "https://www.ktron.in/product/m7-diode-sma/"; VariantName = "[No Variations]"
Change component parameters (AddParameter): Name = "Manufacturer Part Number"; Value = "1N4007"; VariantName = "[No Variations]"
Change component parameters: Designator = "D5" ("D5"); Footprint = "DO214"; UniqueID = "\FFSRZZUE" ("\FFSRZZUE")
Change component parameters (AddParameter): Name = "Manufature Part Number"; Value = "SMBJ200A"; VariantName = "[No Variations]"
Change component parameters: Designator = "J1" ("J1"); Footprint = "HDR1X12"; UniqueID = "\REERBXOM" ("\REERBXOM")
Change component parameters (AddParameter): Name = "Manufacturer Part Number"; Value = ""; VariantName = "[No Variations]"
Change component parameters: Designator = "J2" ("J2"); Footprint = "1734035-2USB"; UniqueID = "\FXMZVKUH" ("\FXMZVKUH")
Change component parameters (AddParameter): Name = "Manufacturer Part number"; Value = "1734035-2"; VariantName = "[No Variations]"
Change component parameters: Designator = "L6" ("L6"); Footprint = "IND-WE-PD 1050-10X10X5MM"; UniqueID = "\YRQDOQYD" ("\YRQDOQYD")
Change component parameters (AddParameter): Name = "Value"; Value = "68uH"; VariantName = "[No Variations]"
Change component parameters: Designator = "Q1" ("Q1"); Footprint = "SOT95P245X93-3N"; UniqueID = "\ZNHNYWJJ" ("\ZNHNYWJJ")
Change component parameters (AddParameter): Name = "Case/Package"; Value = "SOT-23-3"; VariantName = "[No Variations]"
Change component parameters (AddParameter): Name = "Manufacturer Part Number"; Value = "MMBT2222ALT1G"; VariantName = "[No Variations]"
Change component parameters: Designator = "Q2" ("Q2"); Footprint = "SOT95P245X93-3N"; UniqueID = "\ORRHUTMQ" ("\ORRHUTMQ")
Change component parameters (AddParameter): Name = "Case/Package"; Value = "SOT-23-3"; VariantName = "[No Variations]"
Change component parameters (AddParameter): Name = "ComponentLink1Description"; Value = "https://datasheet.ciiva.com/16199/mmbt2222lt1-d-16199072.pdf?src-supplier=Future+Electronics"; VariantName = "[No Variations]"
Change component parameters (AddParameter): Name = "ComponentLink1URL"; Value = "https://datasheet.ciiva.com/16199/mmbt2222lt1-d-16199072.pdf?src-supplier=Future+Electronics"; VariantName = "[No Variations]"
Change component parameters (AddParameter): Name = "ComponentLink2Description"; Value = "https://datasheet.ciiva.com/15139/getdatasheetpartid-82691-15139077.pdf?src-supplier=Verical"; VariantName = "[No Variations]"
Change component parameters (AddParameter): Name = "ComponentLink2URL"; Value = "https://datasheet.ciiva.com/15139/getdatasheetpartid-82691-15139077.pdf?src-supplier=Verical"; VariantName = "[No Variations]"
Change component parameters (AddParameter): Name = "ComponentLink3Description"; Value = "https://datasheet.ciiva.com/7972/mmbt2222lt1-d-7972057.pdf?src-supplier=Element14"; VariantName = "[No Variations]"
Change component parameters (AddParameter): Name = "ComponentLink3URL"; Value = "https://datasheet.ciiva.com/7972/mmbt2222lt1-d-7972057.pdf?src-supplier=Element14"; VariantName = "[No Variations]"
Change component parameters (AddParameter): Name = "ComponentLink4Description"; Value = "https://datasheet.ciiva.com/7972/mmbt2222lt1-d-7972058.pdf?src-supplier=Element14"; VariantName = "[No Variations]"
Change component parameters (AddParameter): Name = "ComponentLink4URL"; Value = "https://datasheet.ciiva.com/7972/mmbt2222lt1-d-7972058.pdf?src-supplier=Element14"; VariantName = "[No Variations]"
Change component parameters (AddParameter): Name = "ComponentLink5Description"; Value = "https://datasheet.ciiva.com/14546/70099528-14546715.pdf?src-supplier=Allied+Electronics"; VariantName = "[No Variations]"
Change component parameters (AddParameter): Name = "ComponentLink5URL"; Value = "https://datasheet.ciiva.com/14546/70099528-14546715.pdf?src-supplier=Allied+Electronics"; VariantName = "[No Variations]"
Change component parameters (AddParameter): Name = "ComponentLink6Description"; Value = "https://datasheet.ciiva.com/25998/mmbt2222lt1-d-25998815.pdf?src-supplier=Avnet+Europe"; VariantName = "[No Variations]"
Change component parameters (AddParameter): Name = "ComponentLink6URL"; Value = "https://datasheet.ciiva.com/25998/mmbt2222lt1-d-25998815.pdf?src-supplier=Avnet+Europe"; VariantName = "[No Variations]"
Change component parameters (AddParameter): Name = "ComponentLink7Description"; Value = "https://datasheet.ciiva.com/976/mmbt2222lt1-d-976344.pdf?src-supplier=Digi-Key"; VariantName = "[No Variations]"
Change component parameters (AddParameter): Name = "ComponentLink7URL"; Value = "https://datasheet.ciiva.com/976/mmbt2222lt1-d-976344.pdf?src-supplier=Digi-Key"; VariantName = "[No Variations]"
Change component parameters (AddParameter): Name = "ComponentLink8Description"; Value = "https://datasheet.ciiva.com/976/mmbt2222lt1-d-976345.pdf?src-supplier=Digi-Key"; VariantName = "[No Variations]"
Change component parameters (AddParameter): Name = "ComponentLink8URL"; Value = "https://datasheet.ciiva.com/976/mmbt2222lt1-d-976345.pdf?src-supplier=Digi-Key"; VariantName = "[No Variations]"
Change component parameters (AddParameter): Name = "ComponentLink9Description"; Value = "https://datasheet.ciiva.com/976/mmbt2222lt1-d-976346.pdf?src-supplier=Digi-Key"; VariantName = "[No Variations]"
Change component parameters (AddParameter): Name = "ComponentLink9URL"; Value = "https://datasheet.ciiva.com/976/mmbt2222lt1-d-976346.pdf?src-supplier=Digi-Key"; VariantName = "[No Variations]"
Change component parameters (AddParameter): Name = "ComponentLink10Description"; Value = "https://datasheet.ciiva.com/11201/mmbt2222lt1-d-11201869.pdf?src-supplier=Avnet"; VariantName = "[No Variations]"
Change component parameters (AddParameter): Name = "ComponentLink10URL"; Value = "https://datasheet.ciiva.com/11201/mmbt2222lt1-d-11201869.pdf?src-supplier=Avnet"; VariantName = "[No Variations]"
Change component parameters (AddParameter): Name = "Manufacturer Part Number"; Value = "MMBT2222ALT1G"; VariantName = "[No Variations]"
Change component parameters: Designator = "Q3" ("Q3"); Footprint = "SOT95P245X93-3N"; UniqueID = "\YJMQAZLR" ("\YJMQAZLR")
Change component parameters (AddParameter): Name = "Case/Package"; Value = "SOT-23-3"; VariantName = "[No Variations]"
Change component parameters (AddParameter): Name = "ComponentLink1Description"; Value = "https://datasheet.ciiva.com/16199/mmbt2222lt1-d-16199072.pdf?src-supplier=Future+Electronics"; VariantName = "[No Variations]"
Change component parameters (AddParameter): Name = "ComponentLink1URL"; Value = "https://datasheet.ciiva.com/16199/mmbt2222lt1-d-16199072.pdf?src-supplier=Future+Electronics"; VariantName = "[No Variations]"
Change component parameters (AddParameter): Name = "ComponentLink2Description"; Value = "https://datasheet.ciiva.com/15139/getdatasheetpartid-82691-15139077.pdf?src-supplier=Verical"; VariantName = "[No Variations]"
Change component parameters (AddParameter): Name = "ComponentLink2URL"; Value = "https://datasheet.ciiva.com/15139/getdatasheetpartid-82691-15139077.pdf?src-supplier=Verical"; VariantName = "[No Variations]"
Change component parameters (AddParameter): Name = "ComponentLink3Description"; Value = "https://datasheet.ciiva.com/7972/mmbt2222lt1-d-7972057.pdf?src-supplier=Element14"; VariantName = "[No Variations]"
Change component parameters (AddParameter): Name = "ComponentLink3URL"; Value = "https://datasheet.ciiva.com/7972/mmbt2222lt1-d-7972057.pdf?src-supplier=Element14"; VariantName = "[No Variations]"
Change component parameters (AddParameter): Name = "ComponentLink4Description"; Value = "https://datasheet.ciiva.com/7972/mmbt2222lt1-d-7972058.pdf?src-supplier=Element14"; VariantName = "[No Variations]"
Change component parameters (AddParameter): Name = "ComponentLink4URL"; Value = "https://datasheet.ciiva.com/7972/mmbt2222lt1-d-7972058.pdf?src-supplier=Element14"; VariantName = "[No Variations]"
Change component parameters (AddParameter): Name = "ComponentLink5Description"; Value = "https://datasheet.ciiva.com/14546/70099528-14546715.pdf?src-supplier=Allied+Electronics"; VariantName = "[No Variations]"
Change component parameters (AddParameter): Name = "ComponentLink5URL"; Value = "https://datasheet.ciiva.com/14546/70099528-14546715.pdf?src-supplier=Allied+Electronics"; VariantName = "[No Variations]"
Change component parameters (AddParameter): Name = "ComponentLink6Description"; Value = "https://datasheet.ciiva.com/25998/mmbt2222lt1-d-25998815.pdf?src-supplier=Avnet+Europe"; VariantName = "[No Variations]"
Change component parameters (AddParameter): Name = "ComponentLink6URL"; Value = "https://datasheet.ciiva.com/25998/mmbt2222lt1-d-25998815.pdf?src-supplier=Avnet+Europe"; VariantName = "[No Variations]"
Change component parameters (AddParameter): Name = "ComponentLink7Description"; Value = "https://datasheet.ciiva.com/976/mmbt2222lt1-d-976344.pdf?src-supplier=Digi-Key"; VariantName = "[No Variations]"
Change component parameters (AddParameter): Name = "ComponentLink7URL"; Value = "https://datasheet.ciiva.com/976/mmbt2222lt1-d-976344.pdf?src-supplier=Digi-Key"; VariantName = "[No Variations]"
Change component parameters (AddParameter): Name = "ComponentLink8Description"; Value = "https://datasheet.ciiva.com/976/mmbt2222lt1-d-976345.pdf?src-supplier=Digi-Key"; VariantName = "[No Variations]"
Change component parameters (AddParameter): Name = "ComponentLink8URL"; Value = "https://datasheet.ciiva.com/976/mmbt2222lt1-d-976345.pdf?src-supplier=Digi-Key"; VariantName = "[No Variations]"
Change component parameters (AddParameter): Name = "ComponentLink9Description"; Value = "https://datasheet.ciiva.com/976/mmbt2222lt1-d-976346.pdf?src-supplier=Digi-Key"; VariantName = "[No Variations]"
Change component parameters (AddParameter): Name = "ComponentLink9URL"; Value = "https://datasheet.ciiva.com/976/mmbt2222lt1-d-976346.pdf?src-supplier=Digi-Key"; VariantName = "[No Variations]"
Change component parameters (AddParameter): Name = "ComponentLink10Description"; Value = "https://datasheet.ciiva.com/11201/mmbt2222lt1-d-11201869.pdf?src-supplier=Avnet"; VariantName = "[No Variations]"
Change component parameters (AddParameter): Name = "ComponentLink10URL"; Value = "https://datasheet.ciiva.com/11201/mmbt2222lt1-d-11201869.pdf?src-supplier=Avnet"; VariantName = "[No Variations]"
Change component parameters (AddParameter): Name = "Manufacturer Part Number"; Value = "MMBT2222ALT1G"; VariantName = "[No Variations]"
Change component parameters: Designator = "Q4" ("Q4"); Footprint = "SOT95P245X93-3N"; UniqueID = "\RAAKGJWK" ("\RAAKGJWK")
Change component parameters (AddParameter): Name = "Case/Package"; Value = "SOT-23-3"; VariantName = "[No Variations]"
Change component parameters (AddParameter): Name = "ComponentLink1Description"; Value = "https://datasheet.ciiva.com/16199/mmbt2222lt1-d-16199072.pdf?src-supplier=Future+Electronics"; VariantName = "[No Variations]"
Change component parameters (AddParameter): Name = "ComponentLink1URL"; Value = "https://datasheet.ciiva.com/16199/mmbt2222lt1-d-16199072.pdf?src-supplier=Future+Electronics"; VariantName = "[No Variations]"
Change component parameters (AddParameter): Name = "ComponentLink2Description"; Value = "https://datasheet.ciiva.com/15139/getdatasheetpartid-82691-15139077.pdf?src-supplier=Verical"; VariantName = "[No Variations]"
Change component parameters (AddParameter): Name = "ComponentLink2URL"; Value = "https://datasheet.ciiva.com/15139/getdatasheetpartid-82691-15139077.pdf?src-supplier=Verical"; VariantName = "[No Variations]"
Change component parameters (AddParameter): Name = "ComponentLink3Description"; Value = "https://datasheet.ciiva.com/7972/mmbt2222lt1-d-7972057.pdf?src-supplier=Element14"; VariantName = "[No Variations]"
Change component parameters (AddParameter): Name = "ComponentLink3URL"; Value = "https://datasheet.ciiva.com/7972/mmbt2222lt1-d-7972057.pdf?src-supplier=Element14"; VariantName = "[No Variations]"
Change component parameters (AddParameter): Name = "ComponentLink4Description"; Value = "https://datasheet.ciiva.com/7972/mmbt2222lt1-d-7972058.pdf?src-supplier=Element14"; VariantName = "[No Variations]"
Change component parameters (AddParameter): Name = "ComponentLink4URL"; Value = "https://datasheet.ciiva.com/7972/mmbt2222lt1-d-7972058.pdf?src-supplier=Element14"; VariantName = "[No Variations]"
Change component parameters (AddParameter): Name = "ComponentLink5Description"; Value = "https://datasheet.ciiva.com/14546/70099528-14546715.pdf?src-supplier=Allied+Electronics"; VariantName = "[No Variations]"
Change component parameters (AddParameter): Name = "ComponentLink5URL"; Value = "https://datasheet.ciiva.com/14546/70099528-14546715.pdf?src-supplier=Allied+Electronics"; VariantName = "[No Variations]"
Change component parameters (AddParameter): Name = "ComponentLink6Description"; Value = "https://datasheet.ciiva.com/25998/mmbt2222lt1-d-25998815.pdf?src-supplier=Avnet+Europe"; VariantName = "[No Variations]"
Change component parameters (AddParameter): Name = "ComponentLink6URL"; Value = "https://datasheet.ciiva.com/25998/mmbt2222lt1-d-25998815.pdf?src-supplier=Avnet+Europe"; VariantName = "[No Variations]"
Change component parameters (AddParameter): Name = "ComponentLink7Description"; Value = "https://datasheet.ciiva.com/976/mmbt2222lt1-d-976344.pdf?src-supplier=Digi-Key"; VariantName = "[No Variations]"
Change component parameters (AddParameter): Name = "ComponentLink7URL"; Value = "https://datasheet.ciiva.com/976/mmbt2222lt1-d-976344.pdf?src-supplier=Digi-Key"; VariantName = "[No Variations]"
Change component parameters (AddParameter): Name = "ComponentLink8Description"; Value = "https://datasheet.ciiva.com/976/mmbt2222lt1-d-976345.pdf?src-supplier=Digi-Key"; VariantName = "[No Variations]"
Change component parameters (AddParameter): Name = "ComponentLink8URL"; Value = "https://datasheet.ciiva.com/976/mmbt2222lt1-d-976345.pdf?src-supplier=Digi-Key"; VariantName = "[No Variations]"
Change component parameters (AddParameter): Name = "ComponentLink9Description"; Value = "https://datasheet.ciiva.com/976/mmbt2222lt1-d-976346.pdf?src-supplier=Digi-Key"; VariantName = "[No Variations]"
Change component parameters (AddParameter): Name = "ComponentLink9URL"; Value = "https://datasheet.ciiva.com/976/mmbt2222lt1-d-976346.pdf?src-supplier=Digi-Key"; VariantName = "[No Variations]"
Change component parameters (AddParameter): Name = "ComponentLink10Description"; Value = "https://datasheet.ciiva.com/11201/mmbt2222lt1-d-11201869.pdf?src-supplier=Avnet"; VariantName = "[No Variations]"
Change component parameters (AddParameter): Name = "ComponentLink10URL"; Value = "https://datasheet.ciiva.com/11201/mmbt2222lt1-d-11201869.pdf?src-supplier=Avnet"; VariantName = "[No Variations]"
Change component parameters (AddParameter): Name = "Manufacturer Part Number"; Value = "MMBT2222ALT1G"; VariantName = "[No Variations]"
Change component parameters: Designator = "R2" ("R2"); Footprint = "RESC1608X55X30ML15T15"; UniqueID = "\XAIBDURS" ("\XAIBDURS")
Change component parameters (AddParameter): Name = "Case/Package"; Value = "0603"; VariantName = "[No Variations]"
Change component parameters (AddParameter): Name = "Value"; Value = "1K"; VariantName = "[No Variations]"
Change component parameters: Designator = "R3" ("R3"); Footprint = "RESC1608X55X30ML15T15"; UniqueID = "\DZXUSRBV" ("\DZXUSRBV")
Change component parameters (AddParameter): Name = "Case/Package"; Value = "0603"; VariantName = "[No Variations]"
Change component parameters (AddParameter): Name = "Value"; Value = "10K"; VariantName = "[No Variations]"
Change component parameters: Designator = "R4" ("R4"); Footprint = "RESC1608X55X30ML15T15"; UniqueID = "\CFOPZEUW" ("\CFOPZEUW")
Change component parameters (AddParameter): Name = "Case/Package"; Value = "0603"; VariantName = "[No Variations]"
Change component parameters (AddParameter): Name = "Value"; Value = "15K"; VariantName = "[No Variations]"
Change component parameters: Designator = "R5" ("R5"); Footprint = "RESC1608X55X30ML15T15"; UniqueID = "\JMITRALJ" ("\JMITRALJ")
Change component parameters (AddParameter): Name = "Case/Package"; Value = "0603"; VariantName = "[No Variations]"
Change component parameters (AddParameter): Name = "Value"; Value = "4.7K"; VariantName = "[No Variations]"
Change component parameters: Designator = "R6" ("R6"); Footprint = "RESC1608X55X30ML15T15"; UniqueID = "\UNYDOOWY" ("\UNYDOOWY")
Change component parameters (AddParameter): Name = "Case/Package"; Value = "0603"; VariantName = "[No Variations]"
Change component parameters (AddParameter): Name = "Value"; Value = "15K"; VariantName = "[No Variations]"
Change component parameters: Designator = "R8" ("R8"); Footprint = "RESC1608X55X30ML15T15"; UniqueID = "\ILTSUUFT" ("\ILTSUUFT")
Change component parameters (AddParameter): Name = "Case/Package"; Value = "0603"; VariantName = "[No Variations]"
Change component parameters (AddParameter): Name = "Value"; Value = "15K"; VariantName = "[No Variations]"
Change component parameters: Designator = "R10" ("R10"); Footprint = "RESC1608X55X30ML15T15"; UniqueID = "\EVGFEMNQ" ("\EVGFEMNQ")
Change component parameters (AddParameter): Name = "Case/Package"; Value = "0603"; VariantName = "[No Variations]"
Change component parameters (AddParameter): Name = "Value"; Value = "4.7K"; VariantName = "[No Variations]"
Change component parameters: Designator = "R11" ("R11"); Footprint = "RESC1608X55X30ML15T15"; UniqueID = "\HDWXUCBG" ("\HDWXUCBG")
Change component parameters (AddParameter): Name = "Case/Package"; Value = "0603"; VariantName = "[No Variations]"
Change component parameters (AddParameter): Name = "Value"; Value = "4K7"; VariantName = "[No Variations]"
Change component parameters: Designator = "R13" ("R13"); Footprint = "RESC1608X55X30ML15T15"; UniqueID = "\BVUAKQEA" ("\BVUAKQEA")
Change component parameters (AddParameter): Name = "Case/Package"; Value = "0603"; VariantName = "[No Variations]"
Change component parameters (AddParameter): Name = "Value"; Value = "4K7"; VariantName = "[No Variations]"
Change component parameters: Designator = "R14" ("R14"); Footprint = "RESC1608X55X30ML15T15"; UniqueID = "\IZJZLJKK" ("\IZJZLJKK")
Change component parameters (AddParameter): Name = "Case/Package"; Value = "0603"; VariantName = "[No Variations]"
Change component parameters (AddParameter): Name = "Value"; Value = "4K7"; VariantName = "[No Variations]"
Change component parameters: Designator = "R15" ("R15"); Footprint = "RESC1608X55X30ML15T15"; UniqueID = "\GONMHYRQ" ("\GONMHYRQ")
Change component parameters (AddParameter): Name = "Case/Package"; Value = "0603"; VariantName = "[No Variations]"
Change component parameters (AddParameter): Name = "Value"; Value = "4K7"; VariantName = "[No Variations]"
Change component parameters: Designator = "R17" ("R17"); Footprint = "RESC1608X55X30ML15T15"; UniqueID = "\BLDECPGF" ("\BLDECPGF")
Change component parameters (AddParameter): Name = "Case/Package"; Value = "0603"; VariantName = "[No Variations]"
Change component parameters (AddParameter): Name = "Value"; Value = "1K"; VariantName = "[No Variations]"
Change component parameters: Designator = "R18" ("R18"); Footprint = "RESC1608X55X30ML15T15"; UniqueID = "\UNCJRWGR" ("\UNCJRWGR")
Change component parameters (AddParameter): Name = "Case/Package"; Value = "0603"; VariantName = "[No Variations]"
Change component parameters (AddParameter): Name = "Value"; Value = "15K"; VariantName = "[No Variations]"
Change component parameters: Designator = "R19" ("R19"); Footprint = "RESC1608X55X30ML15T15"; UniqueID = "\XDVZWAMA" ("\XDVZWAMA")
Change component parameters (AddParameter): Name = "Case/Package"; Value = "0603"; VariantName = "[No Variations]"
Change component parameters (AddParameter): Name = "Value"; Value = "4K7"; VariantName = "[No Variations]"
Change component parameters: Designator = "R20" ("R20"); Footprint = "RESC1608X55X30ML15T15"; UniqueID = "\SGDOXZYD" ("\SGDOXZYD")
Change component parameters (AddParameter): Name = "Case/Package"; Value = "0603"; VariantName = "[No Variations]"
Change component parameters (AddParameter): Name = "Value"; Value = "15K"; VariantName = "[No Variations]"
Change component parameters: Designator = "R21" ("R21"); Footprint = "RESC1608X55X30ML15T15"; UniqueID = "\WONWGKHL" ("\WONWGKHL")
Change component parameters (AddParameter): Name = "Case/Package"; Value = "0603"; VariantName = "[No Variations]"
Change component parameters (AddParameter): Name = "Value"; Value = "15K"; VariantName = "[No Variations]"
Change component parameters: Designator = "R22" ("R22"); Footprint = "RESC1608X55X30ML15T15"; UniqueID = "\BYFAVODV" ("\BYFAVODV")
Change component parameters (AddParameter): Name = "Case/Package"; Value = "0603"; VariantName = "[No Variations]"
Change component parameters (AddParameter): Name = "Value"; Value = "4K7"; VariantName = "[No Variations]"
Change component parameters: Designator = "R23" ("R23"); Footprint = "RESC1608X55X30ML15T15"; UniqueID = "\EOGDXNRJ" ("\EOGDXNRJ")
Change component parameters (AddParameter): Name = "Case/Package"; Value = "0603"; VariantName = "[No Variations]"
Change component parameters (AddParameter): Name = "Value"; Value = "10K"; VariantName = "[No Variations]"
Change component parameters: Designator = "R24" ("R24"); Footprint = "RESC1608X55X30ML15T15"; UniqueID = "\FYWKMVNX" ("\FYWKMVNX")
Change component parameters (AddParameter): Name = "Case/Pacake"; Value = "0603"; VariantName = "[No Variations]"
Change component parameters (AddParameter): Name = "Value"; Value = "10K"; VariantName = "[No Variations]"
Change component parameters: Designator = "R25" ("R25"); Footprint = "RESC1608X55X30ML15T15"; UniqueID = "\IUIMLMNY" ("\IUIMLMNY")
Change component parameters (AddParameter): Name = "Case/Package"; Value = "0603"; VariantName = "[No Variations]"
Change component parameters (AddParameter): Name = "Value"; Value = "1M"; VariantName = "[No Variations]"
Change component parameters: Designator = "R26" ("R26"); Footprint = "RESC1608X55X30ML15T15"; UniqueID = "\MKMBZCTH" ("\MKMBZCTH")
Change component parameters (AddParameter): Name = "Case/Package"; Value = "0603"; VariantName = "[No Variations]"
Change component parameters (AddParameter): Name = "Value"; Value = "4.7K"; VariantName = "[No Variations]"
Change component parameters: Designator = "R27" ("R27"); Footprint = "RESC1608X55X30ML15T15"; UniqueID = "\KTSNLTPM" ("\KTSNLTPM")
Change component parameters (AddParameter): Name = "Case/Package"; Value = "0603"; VariantName = "[No Variations]"
Change component parameters (AddParameter): Name = "Value"; Value = "4.7K"; VariantName = "[No Variations]"
Change component parameters: Designator = "R28" ("R28"); Footprint = "RESC1608X55X30ML15T15"; UniqueID = "\ITLEICAY" ("\ITLEICAY")
Change component parameters (AddParameter): Name = "Case/Package"; Value = "0603"; VariantName = "[No Variations]"
Change component parameters (AddParameter): Name = "Value"; Value = "1M"; VariantName = "[No Variations]"
Change component parameters: Designator = "R29" ("R29"); Footprint = "RESC1608X55X30ML15T15"; UniqueID = "\KUTBWFRY" ("\KUTBWFRY")
Change component parameters (AddParameter): Name = "Case/Package"; Value = "0603"; VariantName = "[No Variations]"
Change component parameters (AddParameter): Name = "Value"; Value = "12K"; VariantName = "[No Variations]"
Change component parameters: Designator = "R30" ("R30"); Footprint = "RESC1608X55X30ML15T15"; UniqueID = "\OAKQFTJC" ("\OAKQFTJC")
Change component parameters (AddParameter): Name = "Case/Package"; Value = "0603"; VariantName = "[No Variations]"
Change component parameters (AddParameter): Name = "Value"; Value = "12K"; VariantName = "[No Variations]"
Change component parameters: Designator = "T1" ("T1"); Footprint = "2N2222"; UniqueID = "\VCOHOZIG" ("\VCOHOZIG")
Change component parameters (AddParameter): Name = "MAnufacturer Part Number"; Value = "MMBT2222"; VariantName = "[No Variations]"
Change component parameters: Designator = "T2" ("T2"); Footprint = "2N2222"; UniqueID = "\NTKYBQHR" ("\NTKYBQHR")
Change component parameters (AddParameter): Name = "MAnufacturer Part Number"; Value = "MMBT2222"; VariantName = "[No Variations]"
Change component parameters: Designator = "U1" ("U1"); Footprint = "Espressif_Systems_ESP32-WROOM-32D_MFG"; UniqueID = "\VAXABTBC" ("\VAXABTBC")
Change component parameters (AddParameter): Name = "ComponentLink1Description"; Value = "Link"; VariantName = "[No Variations]"
Change component parameters (AddParameter): Name = "ComponentLink1URL"; Value = "https://www.mouser.com/ProductDetail/Espressif-Systems/ESP32-WROOM-32D-N4?qs=Li%252BoUPsLEntUgv1ft2QYWQ%3D%3D"; VariantName = "[No Variations]"
Change component parameters (AddParameter): Name = "Manufacturer Part Number"; Value = "ESP32-WROOM-32D(M113DH3200PH3Q0)"; VariantName = "[No Variations]"
Change component parameters: Designator = "U2" ("U2"); Footprint = "SOT223"; UniqueID = "\IEYORLAH" ("\IEYORLAH")
Change component parameters (AddParameter): Name = "Manufacturer  Part Number"; Value = "LM1117IMP-3.3/NOPB"; VariantName = "[No Variations]"
Change component parameters: Designator = "U4" ("U4"); Footprint = "to-263"; UniqueID = "\VBAIGNFH" ("\VBAIGNFH")
Change component parameters (AddParameter): Name = "Maunfacturer Part Number"; Value = "LM2596S-5.0/NOPB"; VariantName = "[No Variations]"
Change component parameters: Designator = "Z1" ("Z1"); Footprint = "SOD80"; UniqueID = "\GUWUMOCD" ("\GUWUMOCD")
Change component parameters (AddParameter): Name = "Case/Package"; Value = "SOD-80-2"; VariantName = "[No Variations]"
Change component parameters (AddParameter): Name = "ComponentLink1Description"; Value = "Supplier Link"; VariantName = "[No Variations]"
Change component parameters (AddParameter): Name = "ComponentLink1URL"; Value = "https://www.ktron.in/product/zener-diode-5v1-500mw-sod-80-2/"; VariantName = "[No Variations]"
Change component parameters (AddParameter): Name = "Voltage"; Value = "5.1V"; VariantName = "[No Variations]"
Added Room: Name=CAN2XG
