Change component parameters: Designator = "L1" ("L1"); Footprint = "LEDRED0603"; UniqueID = "\HIPAXSWA" ("\HIPAXSWA")
Change component parameters (AddParameter): Name = "Case/Packahe"; Value = "0603"; VariantName = "[No Variations]"
Change component parameters (AddParameter): Name = "ComponentLink1Description"; Value = "http://www.inolux-corp.com/datasheet/SMDLED/Mono%20Color%20Top%20View/IN-S63AT%20Series_V1.1.pdf?src-supplier=Digi-Key"; VariantName = "[No Variations]"
Change component parameters (AddParameter): Name = "ComponentLink1URL"; Value = "http://www.inolux-corp.com/datasheet/SMDLED/Mono%20Color%20Top%20View/IN-S63AT%20Series_V1.1.pdf?src-supplier=Digi-Key"; VariantName = "[No Variations]"
Change component parameters (AddParameter): Name = "Manufacturer Part Number"; Value = "IN-S63ATR"; VariantName = "[No Variations]"
Change component parameters: Designator = "L2" ("L2"); Footprint = "LEDBLUE0603"; UniqueID = "\NCFLXRDD" ("\NCFLXRDD")
Change component parameters (AddParameter): Name = "Case/Package"; Value = "0603"; VariantName = "[No Variations]"
Change component parameters (AddParameter): Name = "ComponentLink1Description"; Value = "http://www.inolux-corp.com/datasheet/SMDLED/Mono%20Color%20Top%20View/IN-S63AT%20Series_V1.1.pdf?src-supplier=Digi-Key"; VariantName = "[No Variations]"
Change component parameters (AddParameter): Name = "ComponentLink1URL"; Value = "http://www.inolux-corp.com/datasheet/SMDLED/Mono%20Color%20Top%20View/IN-S63AT%20Series_V1.1.pdf?src-supplier=Digi-Key"; VariantName = "[No Variations]"
Change component parameters (AddParameter): Name = "Manufacturer Part Number"; Value = "IN-S63AT5B"; VariantName = "[No Variations]"
Change component parameters: Designator = "L3" ("L3"); Footprint = "LEDRED0603"; UniqueID = "\KTWSKEOT" ("\KTWSKEOT")
Change component parameters (AddParameter): Name = "Case/Packahe"; Value = "0603"; VariantName = "[No Variations]"
Change component parameters (AddParameter): Name = "Manufacturer Part Number"; Value = ""; VariantName = "[No Variations]"
Change component parameters: Designator = "L4" ("L4"); Footprint = "LEDGREEN0603"; UniqueID = "\NCLKNYYN" ("\NCLKNYYN")
Change component parameters (AddParameter): Name = "Case/Packahe"; Value = "0603"; VariantName = "[No Variations]"
Change component parameters (AddParameter): Name = "ComponentLink1Description"; Value = "http://www.inolux-corp.com/datasheet/SMDLED/Mono%20Color%20Top%20View/IN-S63AT%20Series_V1.1.pdf?src-supplier=Digi-Key"; VariantName = "[No Variations]"
Change component parameters (AddParameter): Name = "ComponentLink1URL"; Value = "http://www.inolux-corp.com/datasheet/SMDLED/Mono%20Color%20Top%20View/IN-S63AT%20Series_V1.1.pdf?src-supplier=Digi-Key"; VariantName = "[No Variations]"
Change component parameters (AddParameter): Name = "Manufacturer Part Number"; Value = "IN-S63AT5G"; VariantName = "[No Variations]"
Change component parameters: Designator = "L5" ("L5"); Footprint = "LEDRED0603"; UniqueID = "\CYDXRGZU" ("\CYDXRGZU")
Change component parameters (AddParameter): Name = "Case/Packahe"; Value = "0603"; VariantName = "[No Variations]"
Change component parameters (AddParameter): Name = "Manufacturer Part Number"; Value = "IN-S63AT5Y"; VariantName = "[No Variations]"
Added Room: Name=CAN2XG
