Change Component Comment : Designator=R47 Old Comment=ERJ6ENF1002V New Comment=
Change Component Description : Designator=X1 Old Description= New Description=CRYSTAL 40.0000MHZ 10PF SMD
Change Component Description : Designator=X2 Old Description= New Description=CRYSTAL 40.0000MHZ 10PF SMD
Change Component Description : Designator=C22 Old Description=Multi Layered Ceramic Capacitor
Max Voltage: 25V
Capacitance: 10uF
Manufacturer : Yageo
MFN : CC0603MRX5R8BB106   https://www.ktron.in/product/10uf-25v-ceramic-capacitor-mlcc-smd-0603/ New Description=CAP CER 0.33uF 10V  0603    
Change Component Description : Designator=C30 Old Description=Multi Layered Ceramic Capacitor
Max Voltage: 25V
Capacitance: 10uF
Manufacturer : Yageo
MFN : CC0603MRX5R8BB106   https://www.ktron.in/product/10uf-25v-ceramic-capacitor-mlcc-smd-0603/ New Description=CAP CER 0.33uF 10V  0603    
Change Component Description : Designator=C20 Old Description=Multi Layered Ceramic Capacitor
Max Voltage: 25V
Capacitance: 10uF
Manufacturer : Yageo
MFN : CC0603MRX5R8BB106   https://www.ktron.in/product/10uf-25v-ceramic-capacitor-mlcc-smd-0603/ New Description=CAP CER 10uF 25V  0603    
Change Component Description : Designator=C24 Old Description=Multi Layered Ceramic Capacitor
Max Voltage: 25V
Capacitance: 10uF
Manufacturer : Yageo
MFN : CC0603MRX5R8BB106   https://www.ktron.in/product/10uf-25v-ceramic-capacitor-mlcc-smd-0603/ New Description=CAP CER 10uF 25V  0603 
Change Component Description : Designator=C28 Old Description=Multi Layered Ceramic Capacitor
Max Voltage: 25V
Capacitance: 10uF
Manufacturer : Yageo
MFN : CC0603MRX5R8BB106   https://www.ktron.in/product/10uf-25v-ceramic-capacitor-mlcc-smd-0603/ New Description=CAP CER 10uF 25V  0603    
Change Component Description : Designator=C32 Old Description=Multi Layered Ceramic Capacitor
Max Voltage: 25V
Capacitance: 10uF
Manufacturer : Yageo
MFN : CC0603MRX5R8BB106   https://www.ktron.in/product/10uf-25v-ceramic-capacitor-mlcc-smd-0603/ New Description=CAP CER 10uF 25V  0603 
Change Component Description : Designator=C36 Old Description=Multi Layered Ceramic Capacitor
Max Voltage: 25V
Capacitance: 10uF
Manufacturer : Yageo
MFN : CC0603MRX5R8BB106   https://www.ktron.in/product/10uf-25v-ceramic-capacitor-mlcc-smd-0603/ New Description=CAP CER 10uF 25V  0603 
Change Component Description : Designator=C37 Old Description=Multi Layered Ceramic Capacitor
Max Voltage: 25V
Capacitance: 10uF
Manufacturer : Yageo
MFN : CC0603MRX5R8BB106   https://www.ktron.in/product/10uf-25v-ceramic-capacitor-mlcc-smd-0603/ New Description=CAP CER 10uF 25V  0603 
Change Component Description : Designator=C21 Old Description=Multi Layered Ceramic Capacitor
Max Voltage: 25V
Capacitance: 10uF
Manufacturer : Yageo
MFN : CC0603MRX5R8BB106   https://www.ktron.in/product/10uf-25v-ceramic-capacitor-mlcc-smd-0603/ New Description=CAP CER 100nF 10V  0603    
Change Component Description : Designator=C29 Old Description=Multi Layered Ceramic Capacitor
Max Voltage: 25V
Capacitance: 10uF
Manufacturer : Yageo
MFN : CC0603MRX5R8BB106   https://www.ktron.in/product/10uf-25v-ceramic-capacitor-mlcc-smd-0603/ New Description=CAP CER 100nF 10V  0603    
Change Component Description : Designator=C23 Old Description=Multi Layered Ceramic Capacitor
Max Voltage: 25V
Capacitance: 10uF
Manufacturer : Yageo
MFN : CC0603MRX5R8BB106   https://www.ktron.in/product/10uf-25v-ceramic-capacitor-mlcc-smd-0603/ New Description=CAP CER 100nF 25V  0603 
Change Component Description : Designator=C31 Old Description=Multi Layered Ceramic Capacitor
Max Voltage: 25V
Capacitance: 10uF
Manufacturer : Yageo
MFN : CC0603MRX5R8BB106   https://www.ktron.in/product/10uf-25v-ceramic-capacitor-mlcc-smd-0603/ New Description=CAP CER 100nF 25V  0603 
Change Component Description : Designator=R35 Old Description=RES 0R 0603 SMD New Description=Thick Film Resistor -  0R , 1%, 0603
Change Component Description : Designator=R36 Old Description=RES 0R 0603 SMD New Description=Thick Film Resistor -  0R , 1%, 0603
Change Component Description : Designator=R37 Old Description=RES 0R 0603 SMD New Description=Thick Film Resistor -  0R , 1%, 0603
Change Component Description : Designator=R38 Old Description=RES 0R 0603 SMD New Description=Thick Film Resistor -  0R , 1%, 0603
Change Component Description : Designator=R39 Old Description=RES 0R 0603 SMD New Description=Thick Film Resistor -  0R , 1%, 0603
Change Component Description : Designator=R40 Old Description=RES 0R 0603 SMD New Description=Thick Film Resistor -  0R , 1%, 0603
Change Component Description : Designator=R41 Old Description=RES 0R 0603 SMD New Description=Thick Film Resistor -  0R , 1%, 0603
Change Component Description : Designator=R42 Old Description=RES 0R 0603 SMD New Description=Thick Film Resistor -  0R , 1%, 0603
Change Component Description : Designator=R51 Old Description=RES 0R 0603 SMD New Description=Thick Film Resistor -  0R , 1%, 0603
Change Component Description : Designator=R52 Old Description=RES 0R 0603 SMD New Description=Thick Film Resistor -  0R , 1%, 0603
Change Component Description : Designator=R53 Old Description=RES 0R 0603 SMD New Description=Thick Film Resistor -  0R , 1%, 0603
Change Component Description : Designator=R54 Old Description=RES 0R 0603 SMD New Description=Thick Film Resistor -  0R , 1%, 0603
Change Component Description : Designator=R55 Old Description=RES 0R 0603 SMD New Description=Thick Film Resistor -  0R , 1%, 0603
Change Component Description : Designator=R56 Old Description=RES 0R 0603 SMD New Description=Thick Film Resistor -  0R , 1%, 0603
Change Component Description : Designator=R34 Old Description=RES 60.4R 0.1% 1/4W 0603 SMD New Description=Thick Film Resistor -  60.4R, 1%, 0603
Change Component Description : Designator=R43 Old Description=RES 60.4R 0.1% 1/4W 0603 SMD New Description=Thick Film Resistor -  60.4R, 1%, 0603
Change Component Description : Designator=R50 Old Description=RES 60.4R 0.1% 1/4W 0603 SMD New Description=Thick Film Resistor -  60.4R, 1%, 0603
Change Component Description : Designator=R57 Old Description=RES 60.4R 0.1% 1/4W 0603 SMD New Description=Thick Film Resistor -  60.4R, 1%, 0603
Change Component Description : Designator=R32 Old Description=RES SMD 10K OHM 1% 1/8W 0805 New Description=Thick Film Resistor -  3K, 1%, 0603
Change Component Description : Designator=R48 Old Description=RES SMD 10K OHM 1% 1/8W 0805 New Description=Thick Film Resistor -  3K, 1%, 0603
Change Component Description : Designator=R31 Old Description=RES SMD 10K OHM 1% 1/8W 0805 New Description=Thick Film Resistor -  10K, 1%, 0603
Change Component Description : Designator=R44 Old Description=RES SMD 10K OHM 1% 1/8W 0805 New Description=Thick Film Resistor -  10K, 1%, 0603
Change Component Description : Designator=R45 Old Description=RES SMD 10K OHM 1% 1/8W 0805 New Description=Thick Film Resistor -  10K, 1%, 0603
Change Component Description : Designator=R46 Old Description=RES SMD 10K OHM 1% 1/8W 0805 New Description=Thick Film Resistor -  10K, 1%, 0603
Change Component Description : Designator=R47 Old Description=RES SMD 10K OHM 1% 1/8W 0805 New Description=Thick Film Resistor -  10K, 1%, 0603
Change Component Description : Designator=R58 Old Description=RES SMD 10K OHM 1% 1/8W 0805 New Description=Thick Film Resistor -  10K, 1%, 0603
Change Component Description : Designator=R59 Old Description=RES SMD 10K OHM 1% 1/8W 0805 New Description=Thick Film Resistor -  10K, 1%, 0603
Change Component Description : Designator=R60 Old Description=RES SMD 10K OHM 1% 1/8W 0805 New Description=Thick Film Resistor -  10K, 1%, 0603
Change Component Description : Designator=R33 Old Description=RES SMD 10K OHM 1% 1/8W 0805 New Description=Thick Film Resistor -  33K, 1%, 0603
Change Component Description : Designator=R49 Old Description=RES SMD 10K OHM 1% 1/8W 0805 New Description=Thick Film Resistor -  33K, 1%, 0603
Change component parameters: Designator = "C23" ("C23"); Footprint = "CAP-0603"; UniqueID = "\QYUMLSEO" ("\QYUMLSEO")
Change component parameters (AddParameter): Name = "Case/Package"; Value = "0603"; VariantName = "[No Variations]"
Change component parameters (AddParameter): Name = "Dielectirc"; Value = "X7R"; VariantName = "[No Variations]"
Change component parameters (AddParameter): Name = "Value"; Value = "100nF"; VariantName = "[No Variations]"
Change component parameters (AddParameter): Name = "Voltage"; Value = "25V"; VariantName = "[No Variations]"
Change component parameters: Designator = "C24" ("C24"); Footprint = "CAP-0603"; UniqueID = "\TOCUVMYD" ("\TOCUVMYD")
Change component parameters (AddParameter): Name = "Case/Package"; Value = "0603"; VariantName = "[No Variations]"
Change component parameters (AddParameter): Name = "Dielectirc"; Value = "X7R"; VariantName = "[No Variations]"
Change component parameters (AddParameter): Name = "Value"; Value = "10uF"; VariantName = "[No Variations]"
Change component parameters (AddParameter): Name = "Voltage"; Value = "25V"; VariantName = "[No Variations]"
Change component parameters: Designator = "C31" ("C31"); Footprint = "CAP-0603"; UniqueID = "\WPWBBEYK" ("\WPWBBEYK")
Change component parameters (AddParameter): Name = "Case/Package"; Value = "0603"; VariantName = "[No Variations]"
Change component parameters (AddParameter): Name = "Dielectirc"; Value = "X7R"; VariantName = "[No Variations]"
Change component parameters (AddParameter): Name = "Value"; Value = "100nF"; VariantName = "[No Variations]"
Change component parameters (AddParameter): Name = "Voltage"; Value = "25V"; VariantName = "[No Variations]"
Change component parameters: Designator = "C32" ("C32"); Footprint = "CAP-0603"; UniqueID = "\UXJPNFHF" ("\UXJPNFHF")
Change component parameters (AddParameter): Name = "Case/Package"; Value = "0603"; VariantName = "[No Variations]"
Change component parameters (AddParameter): Name = "Dielectirc"; Value = "X7R"; VariantName = "[No Variations]"
Change component parameters (AddParameter): Name = "Value"; Value = "10uF"; VariantName = "[No Variations]"
Change component parameters (AddParameter): Name = "Voltage"; Value = "25V"; VariantName = "[No Variations]"
Change component parameters: Designator = "C36" ("C36"); Footprint = "CAP-0603"; UniqueID = "\ZWPDHAQL" ("\ZWPDHAQL")
Change component parameters (AddParameter): Name = "Case/Package"; Value = "0603"; VariantName = "[No Variations]"
Change component parameters (AddParameter): Name = "Dielectirc"; Value = "X7R"; VariantName = "[No Variations]"
Change component parameters (AddParameter): Name = "Value"; Value = "10uF"; VariantName = "[No Variations]"
Change component parameters (AddParameter): Name = "Voltage"; Value = "25V"; VariantName = "[No Variations]"
Change component parameters: Designator = "C37" ("C37"); Footprint = "CAP-0603"; UniqueID = "\BXOJNWIH" ("\BXOJNWIH")
Change component parameters (AddParameter): Name = "Case/Package"; Value = "0603"; VariantName = "[No Variations]"
Change component parameters (AddParameter): Name = "Dielectirc"; Value = "X7R"; VariantName = "[No Variations]"
Change component parameters (AddParameter): Name = "Value"; Value = "10uF"; VariantName = "[No Variations]"
Change component parameters (AddParameter): Name = "Voltage"; Value = "25V"; VariantName = "[No Variations]"
Change component parameters: Designator = "R31" ("R31"); Footprint = "RESC0603"; UniqueID = "\FBRLRHNP" ("\FBRLRHNP")
Change component parameters (AddParameter): Name = "Case/Package"; Value = "0603"; VariantName = "[No Variations]"
Change component parameters (AddParameter): Name = "Value"; Value = "10K"; VariantName = "[No Variations]"
Change component parameters: Designator = "R49" ("R49"); Footprint = "RESC0603"; UniqueID = "\NARCDNBC" ("\NARCDNBC")
Change component parameters (AddParameter): Name = "Case/Package"; Value = "0603"; VariantName = "[No Variations]"
Change component parameters (AddParameter): Name = "Value"; Value = "33K"; VariantName = "[No Variations]"
Added Room: Name=CAN2XG
