Change Component Comment : Designator=R1 Old Comment=1K 0603 New Comment=
Change Component Comment : Designator=R2 Old Comment=1K 0603 New Comment=
Change Component Comment : Designator=R7 Old Comment=1K 0603 New Comment=
Change Component Comment : Designator=R9 Old Comment=1K 0603 New Comment=
Change Component Comment : Designator=R12 Old Comment=1K 0603 New Comment=
Change Component Comment : Designator=R16 Old Comment=1K 0603 New Comment=
Change Component Comment : Designator=R17 Old Comment=1K 0603 New Comment=
Change Component Comment : Designator=R25 Old Comment=1 MOhm New Comment=c
Change Component Comment : Designator=R28 Old Comment=1 MOhm New Comment=c
Change Component Comment : Designator=D1 Old Comment=1N4007 New Comment=
Change Component Comment : Designator=C1 Old Comment=4.7uF New Comment=
Change Component Comment : Designator=C2 Old Comment=4.7uF New Comment=
Change Component Comment : Designator=C6 Old Comment=4.7uF New Comment=
Change Component Comment : Designator=C7 Old Comment=4.7uF New Comment=
Change Component Comment : Designator=C11 Old Comment=4.7uF New Comment=
Change Component Comment : Designator=C13 Old Comment=4.7uF New Comment=
Change Component Comment : Designator=R5 Old Comment=4K7 New Comment=
Change Component Comment : Designator=R10 Old Comment=4K7 New Comment=
Change Component Comment : Designator=R11 Old Comment=4K7 New Comment=
Change Component Comment : Designator=R13 Old Comment=4K7 New Comment=
Change Component Comment : Designator=R14 Old Comment=4K7 New Comment=
Change Component Comment : Designator=R15 Old Comment=4K7 New Comment=
Change Component Comment : Designator=R19 Old Comment=4K7 New Comment=
Change Component Comment : Designator=R22 Old Comment=4K7 New Comment=
Change Component Comment : Designator=R26 Old Comment=4K7 New Comment=
Change Component Comment : Designator=C20 Old Comment=10uF New Comment=
Change Component Comment : Designator=C21 Old Comment=10uF New Comment=
Change Component Comment : Designator=C22 Old Comment=10uF New Comment=
Change Component Comment : Designator=C23 Old Comment=10uF New Comment=
Change Component Comment : Designator=C24 Old Comment=10uF New Comment=
Change Component Comment : Designator=C28 Old Comment=10uF New Comment=
Change Component Comment : Designator=C29 Old Comment=10uF New Comment=
Change Component Comment : Designator=C30 Old Comment=10uF New Comment=
Change Component Comment : Designator=C31 Old Comment=10uF New Comment=
Change Component Comment : Designator=C32 Old Comment=10uF New Comment=
Change Component Comment : Designator=C36 Old Comment=10uF New Comment=
Change Component Comment : Designator=C37 Old Comment=10uF New Comment=
Change Component Comment : Designator=R4 Old Comment=15K 0603 New Comment=c
Change Component Comment : Designator=R6 Old Comment=15K 0603 New Comment=c
Change Component Comment : Designator=R8 Old Comment=15K 0603 New Comment=c
Change Component Comment : Designator=L6 Old Comment=68uH New Comment=
Change Component Comment : Designator=C4 Old Comment=100nF New Comment=
Change Component Comment : Designator=C8 Old Comment=100nF New Comment=
Change Component Comment : Designator=C10 Old Comment=100nF New Comment=
Change Component Comment : Designator=C12 Old Comment=100nF New Comment=
Change Component Comment : Designator=C16 Old Comment=100nF New Comment=
Change Component Comment : Designator=C17 Old Comment=100nF New Comment=
Change Component Comment : Designator=C19 Old Comment=100nF New Comment=
Change Component Comment : Designator=J2 Old Comment=1734035-2 New Comment=
Change Component Comment : Designator=U3 Old Comment=CP2102-GMR New Comment=
Change Component Comment : Designator=C26 Old Comment=CQ0805BRNPOYBN8R2 New Comment=
Change Component Comment : Designator=C27 Old Comment=CQ0805BRNPOYBN8R2 New Comment=
Change Component Comment : Designator=C34 Old Comment=CQ0805BRNPOYBN8R2 New Comment=
Change Component Comment : Designator=C35 Old Comment=CQ0805BRNPOYBN8R2 New Comment=
Change Component Comment : Designator=X1 Old Comment=CRYSTAL_1 New Comment=
Change Component Comment : Designator=X2 Old Comment=CRYSTAL_1 New Comment=
Change Component Comment : Designator=C25 Old Comment=CS0805KRX7RYBB472 New Comment=
Change Component Comment : Designator=C33 Old Comment=CS0805KRX7RYBB472 New Comment=
Change Component Comment : Designator=R31 Old Comment=ERJ6ENF1002V New Comment=
Change Component Comment : Designator=R32 Old Comment=ERJ6ENF1002V New Comment=
Change Component Comment : Designator=R33 Old Comment=ERJ6ENF1002V New Comment=
Change Component Comment : Designator=R44 Old Comment=ERJ6ENF1002V New Comment=
Change Component Comment : Designator=R45 Old Comment=ERJ6ENF1002V New Comment=
Change Component Comment : Designator=R46 Old Comment=ERJ6ENF1002V New Comment=
Change Component Comment : Designator=R48 Old Comment=ERJ6ENF1002V New Comment=
Change Component Comment : Designator=R49 Old Comment=ERJ6ENF1002V New Comment=
Change Component Comment : Designator=R58 Old Comment=ERJ6ENF1002V New Comment=
Change Component Comment : Designator=R59 Old Comment=ERJ6ENF1002V New Comment=
Change Component Comment : Designator=R60 Old Comment=ERJ6ENF1002V New Comment=
Change Component Comment : Designator=J1 Old Comment=Header 12 New Comment=
Change Component Comment : Designator=L2 Old Comment=LED_BLUE New Comment=
Change Component Comment : Designator=L4 Old Comment=LED_GREEN New Comment=
Change Component Comment : Designator=L1 Old Comment=LED_RED New Comment=
Change Component Comment : Designator=L5 Old Comment=LED Yellow New Comment=
Change Component Comment : Designator=T2 Old Comment=MMBT2222 New Comment=
Change Component Comment : Designator=Q4 Old Comment=MMBT2222ALT1G New Comment=
Change Component Comment : Designator=L3 Old Comment=Orange LED New Comment=
Change Component Comment : Designator=R34 Old Comment=RC0805FR-0760R4L New Comment=
Change Component Comment : Designator=R36 Old Comment=RC0805FR-0760R4L New Comment=
Change Component Comment : Designator=R37 Old Comment=RC0805FR-0760R4L New Comment=
Change Component Comment : Designator=R38 Old Comment=RC0805FR-0760R4L New Comment=
Change Component Comment : Designator=R39 Old Comment=RC0805FR-0760R4L New Comment=
Change Component Comment : Designator=R40 Old Comment=RC0805FR-0760R4L New Comment=
Change Component Comment : Designator=R41 Old Comment=RC0805FR-0760R4L New Comment=
Change Component Comment : Designator=R42 Old Comment=RC0805FR-0760R4L New Comment=
Change Component Comment : Designator=R43 Old Comment=RC0805FR-0760R4L New Comment=
Change Component Comment : Designator=R50 Old Comment=RC0805FR-0760R4L New Comment=
Change Component Comment : Designator=R52 Old Comment=RC0805FR-0760R4L New Comment=
Change Component Comment : Designator=R53 Old Comment=RC0805FR-0760R4L New Comment=
Change Component Comment : Designator=R54 Old Comment=RC0805FR-0760R4L New Comment=
Change Component Comment : Designator=R55 Old Comment=RC0805FR-0760R4L New Comment=
Change Component Comment : Designator=R56 Old Comment=RC0805FR-0760R4L New Comment=
Change Component Comment : Designator=R57 Old Comment=RC0805FR-0760R4L New Comment=
Change Component Comment : Designator=U5 Old Comment=TCAN4550RGYTQ1 New Comment=
Change Component Designator: OldDesignator=X1 NewDesignator=c
Added Room: Name=CAN2XG
