Change Component Description : Designator=C3 Old Description=CAP CER 100nF 25V  0603 New Description=CAP CER 100nF 25V X7R 0603
Change Component Description : Designator=C4 Old Description=CAP CER 100nF 25V  0603 New Description=CAP CER 100nF 25V X7R 0603
Change Component Description : Designator=C5 Old Description=CAP CER 100nF 25V  0603 New Description=CAP CER 100nF 25V X7R 0603
Change Component Description : Designator=C8 Old Description=CAP CER 100nF 25V  0603 New Description=CAP CER 100nF 25V X7R 0603
Change Component Description : Designator=C10 Old Description=CAP CER 100nF 25V  0603 New Description=CAP CER 100nF 25V X7R 0603
Change Component Description : Designator=C12 Old Description=CAP CER 100nF 25V  0603 New Description=CAP CER 100nF 25V X7R 0603
Change Component Description : Designator=C16 Old Description=CAP CER 100nF 25V  0603 New Description=CAP CER 100nF 25V X7R 0603
Change Component Description : Designator=C17 Old Description=CAP CER 100nF 25V  0603 New Description=CAP CER 100nF 25V X7R 0603
Change Component Description : Designator=C19 Old Description=CAP CER 100nF 25V  0603 New Description=CAP CER 100nF 25V X7R 0603
Change Component Description : Designator=C21 Old Description=CAP CER 100nF 25V  0603 New Description=CAP CER 100nF 25V X7R 0603
Change Component Description : Designator=C23 Old Description=CAP CER 100nF 25V  0603 New Description=CAP CER 100nF 25V X7R 0603
Change Component Description : Designator=C29 Old Description=CAP CER 100nF 25V  0603 New Description=CAP CER 100nF 25V X7R 0603
Change Component Description : Designator=C31 Old Description=CAP CER 100nF 25V  0603 New Description=CAP CER 100nF 25V X7R 0603
Change component parameters: Designator = "C3" ("C3"); Footprint = "CAP-0603"; UniqueID = "\VXNUEFKR" ("\VXNUEFKR")
Change component parameters (AddParameter): Name = "Case/Package"; Value = "0603"; VariantName = "[No Variations]"
Change component parameters (AddParameter): Name = "Dielectric"; Value = "X7R"; VariantName = "[No Variations]"
Change component parameters (AddParameter): Name = "Parameter 1"; Value = ""; VariantName = "[No Variations]"
Change component parameters (AddParameter): Name = "Value"; Value = "100nF"; VariantName = "[No Variations]"
Change component parameters (AddParameter): Name = "Voltage"; Value = "25V"; VariantName = "[No Variations]"
Change component parameters: Designator = "C4" ("C4"); Footprint = "CAP-0603"; UniqueID = "\VUBQWDFL" ("\VUBQWDFL")
Change component parameters (AddParameter): Name = "Case/Package"; Value = "0603"; VariantName = "[No Variations]"
Change component parameters (AddParameter): Name = "Dielectric"; Value = "X7R"; VariantName = "[No Variations]"
Change component parameters (AddParameter): Name = "Parameter 1"; Value = ""; VariantName = "[No Variations]"
Change component parameters (AddParameter): Name = "Value"; Value = "100nF"; VariantName = "[No Variations]"
Change component parameters (AddParameter): Name = "Voltage"; Value = "25V"; VariantName = "[No Variations]"
Change component parameters: Designator = "C5" ("C5"); Footprint = "CAP-0603"; UniqueID = "\ZLOAOAQS" ("\ZLOAOAQS")
Change component parameters (AddParameter): Name = "Case/Package"; Value = "0603"; VariantName = "[No Variations]"
Change component parameters (AddParameter): Name = "Dielectric"; Value = "X7R"; VariantName = "[No Variations]"
Change component parameters (AddParameter): Name = "Parameter 1"; Value = ""; VariantName = "[No Variations]"
Change component parameters (AddParameter): Name = "Value"; Value = "100nF"; VariantName = "[No Variations]"
Change component parameters (AddParameter): Name = "Voltage"; Value = "25V"; VariantName = "[No Variations]"
Change component parameters: Designator = "C8" ("C8"); Footprint = "CAP-0603"; UniqueID = "\YRUFUOMS" ("\YRUFUOMS")
Change component parameters (AddParameter): Name = "Case/Package"; Value = "0603"; VariantName = "[No Variations]"
Change component parameters (AddParameter): Name = "Dielectric"; Value = "X7R"; VariantName = "[No Variations]"
Change component parameters (AddParameter): Name = "Parameter 1"; Value = ""; VariantName = "[No Variations]"
Change component parameters (AddParameter): Name = "Value"; Value = "100nF"; VariantName = "[No Variations]"
Change component parameters (AddParameter): Name = "Voltage"; Value = "25V"; VariantName = "[No Variations]"
Change component parameters: Designator = "C10" ("C10"); Footprint = "CAP-0603"; UniqueID = "\LHGFTPCH" ("\LHGFTPCH")
Change component parameters (AddParameter): Name = "Case/Package"; Value = "0603"; VariantName = "[No Variations]"
Change component parameters (AddParameter): Name = "Dielectric"; Value = "X7R"; VariantName = "[No Variations]"
Change component parameters (AddParameter): Name = "Parameter 1"; Value = ""; VariantName = "[No Variations]"
Change component parameters (AddParameter): Name = "Value"; Value = "100nF"; VariantName = "[No Variations]"
Change component parameters (AddParameter): Name = "Voltage"; Value = "25V"; VariantName = "[No Variations]"
Change component parameters: Designator = "C16" ("C16"); Footprint = "CAP-0603"; UniqueID = "\PPKWOCOG" ("\PPKWOCOG")
Change component parameters (AddParameter): Name = "Case/Package"; Value = "0603"; VariantName = "[No Variations]"
Change component parameters (AddParameter): Name = "Dielectric"; Value = "X7R"; VariantName = "[No Variations]"
Change component parameters (AddParameter): Name = "Parameter 1"; Value = ""; VariantName = "[No Variations]"
Change component parameters (AddParameter): Name = "Value"; Value = "100nF"; VariantName = "[No Variations]"
Change component parameters (AddParameter): Name = "Voltage"; Value = "25V"; VariantName = "[No Variations]"
Change component parameters: Designator = "C17" ("C17"); Footprint = "CAP-0603"; UniqueID = "\KJVALYVV" ("\KJVALYVV")
Change component parameters (AddParameter): Name = "Case/Package"; Value = "0603"; VariantName = "[No Variations]"
Change component parameters (AddParameter): Name = "Dielectric"; Value = "X7R"; VariantName = "[No Variations]"
Change component parameters (AddParameter): Name = "Parameter 1"; Value = ""; VariantName = "[No Variations]"
Change component parameters (AddParameter): Name = "Value"; Value = "100nF"; VariantName = "[No Variations]"
Change component parameters (AddParameter): Name = "Voltage"; Value = "25V"; VariantName = "[No Variations]"
Change component parameters: Designator = "C19" ("C19"); Footprint = "CAP-0603"; UniqueID = "\RPYXUFYQ" ("\RPYXUFYQ")
Change component parameters (AddParameter): Name = "Case/Package"; Value = "0603"; VariantName = "[No Variations]"
Change component parameters (AddParameter): Name = "Dielectic"; Value = "X7R"; VariantName = "[No Variations]"
Change component parameters (AddParameter): Name = "Parameter 1"; Value = ""; VariantName = "[No Variations]"
Change component parameters (AddParameter): Name = "Value"; Value = "100nF"; VariantName = "[No Variations]"
Change component parameters (AddParameter): Name = "Voltage"; Value = "25V"; VariantName = "[No Variations]"
Added Room: Name=CAN2XG
